<?xml version="1.0" encoding="UTF-8"?>
<testsuite xmlns:xsi="http://www.w3.org/2001/XMLSchema-instance" xsi:noNamespaceSchemaLocation="https://maven.apache.org/surefire/maven-surefire-plugin/xsd/surefire-test-report-3.0.xsd" version="3.0" name="CalculatorTest" time="0.075" tests="11" errors="0" skipped="0" failures="0">
  <properties>
[...]
</properties>
  <testcase name="add_mitNull" classname="CalculatorTest" time="0.025"/>
  <testcase name="multiply_mitNull" classname="CalculatorTest" time="0.002"/>
  <testcase name="divide_durchNull_wirftException" classname="CalculatorTest" time="0.002"/>
  <testcase name="multiply_zweiNegativeZahlen" classname="CalculatorTest" time="0.001"/>
  <testcase name="subtract_zweiPositiveZahlen" classname="CalculatorTest" time="0.001"/>
  <testcase name="multiply_zweiPositiveZahlen" classname="CalculatorTest" time="0.001"/>
  <testcase name="divide_negativerDivisor" classname="CalculatorTest" time="0.001"/>
  <testcase name="add_mitNegativerZahl" classname="CalculatorTest" time="0.001"/>
  <testcase name="add_zweiPositiveZahlen" classname="CalculatorTest" time="0.001"/>
  <testcase name="subtract_negativesErgebnis" classname="CalculatorTest" time="0.001"/>
  <testcase name="divide_zweiPositiveZahlen" classname="CalculatorTest" time="0.001"/>
</testsuite>